<?xml version="1.0" encoding="UTF-8"?>
<testsuite xmlns:xsi="http://www.w3.org/2001/XMLSchema-instance" xsi:noNamespaceSchemaLocation="https://maven.apache.org/surefire/maven-surefire-plugin/xsd/surefire-test-report.xsd" name="pt.multicert.client.rest.AppTest" time="0.054" tests="1" errors="0" skipped="0" failures="0">
  <properties>
    <property name="sun.desktop" value="windows"/>
    <property name="awt.toolkit" value="sun.awt.windows.WToolkit"/>
    <property name="file.encoding.pkg" value="sun.io"/>
    <property name="java.specification.version" value="1.8"/>
    <property name="sun.cpu.isalist" value="amd64"/>
    <property name="sun.jnu.encoding" value="Cp1252"/>
    <property name="java.class.path" value="C:\Data\i2S-devenv\workspace\client\client-rest\target\test-classes;C:\Data\i2S-devenv\workspace\client\client-rest\target\classes;C:\Users\i2sarm\.m2\repository\junit\junit\4.11\junit-4.11.jar;C:\Users\i2sarm\.m2\repository\org\hamcrest\hamcrest-core\1.3\hamcrest-core-1.3.jar;C:\Users\i2sarm\.m2\repository\org\springframework\spring-context\4.3.9.RELEASE\spring-context-4.3.9.RELEASE.jar;C:\Users\i2sarm\.m2\repository\org\springframework\spring-aop\4.3.9.RELEASE\spring-aop-4.3.9.RELEASE.jar;C:\Users\i2sarm\.m2\repository\org\springframework\spring-beans\4.3.9.RELEASE\spring-beans-4.3.9.RELEASE.jar;C:\Users\i2sarm\.m2\repository\org\springframework\spring-core\4.3.9.RELEASE\spring-core-4.3.9.RELEASE.jar;C:\Users\i2sarm\.m2\repository\org\springframework\spring-expression\4.3.9.RELEASE\spring-expression-4.3.9.RELEASE.jar;C:\Users\i2sarm\.m2\repository\org\springframework\spring-tx\4.3.9.RELEASE\spring-tx-4.3.9.RELEASE.jar;C:\Users\i2sarm\.m2\repository\org\springframework\spring-orm\4.3.9.RELEASE\spring-orm-4.3.9.RELEASE.jar;C:\Users\i2sarm\.m2\repository\org\springframework\spring-jdbc\4.3.9.RELEASE\spring-jdbc-4.3.9.RELEASE.jar;C:\Users\i2sarm\.m2\repository\org\slf4j\slf4j-api\1.7.26\slf4j-api-1.7.26.jar;C:\Users\i2sarm\.m2\repository\ch\qos\logback\logback-classic\1.2.3\logback-classic-1.2.3.jar;C:\Users\i2sarm\.m2\repository\ch\qos\logback\logback-core\1.2.3\logback-core-1.2.3.jar;C:\Users\i2sarm\.m2\repository\org\hibernate\hibernate-entitymanager\5.0.1.Final\hibernate-entitymanager-5.0.1.Final.jar;C:\Users\i2sarm\.m2\repository\org\jboss\logging\jboss-logging\3.3.0.Final\jboss-logging-3.3.0.Final.jar;C:\Users\i2sarm\.m2\repository\dom4j\dom4j\1.6.1\dom4j-1.6.1.jar;C:\Users\i2sarm\.m2\repository\xml-apis\xml-apis\1.0.b2\xml-apis-1.0.b2.jar;C:\Users\i2sarm\.m2\repository\org\hibernate\common\hibernate-commons-annotations\5.0.0.Final\hibernate-commons-annotations-5.0.0.Final.jar;C:\Users\i2sarm\.m2\repository\org\hibernate\javax\persistence\hibernate-jpa-2.1-api\1.0.0.Final\hibernate-jpa-2.1-api-1.0.0.Final.jar;C:\Users\i2sarm\.m2\repository\org\apache\geronimo\specs\geronimo-jta_1.1_spec\1.1.1\geronimo-jta_1.1_spec-1.1.1.jar;C:\Users\i2sarm\.m2\repository\org\javassist\javassist\3.18.1-GA\javassist-3.18.1-GA.jar;C:\Users\i2sarm\.m2\repository\org\hibernate\hibernate-core\5.0.1.Final\hibernate-core-5.0.1.Final.jar;C:\Users\i2sarm\.m2\repository\antlr\antlr\2.7.7\antlr-2.7.7.jar;C:\Users\i2sarm\.m2\repository\org\jboss\jandex\1.2.2.Final\jandex-1.2.2.Final.jar;C:\Users\i2sarm\.m2\repository\commons-dbcp\commons-dbcp\1.4\commons-dbcp-1.4.jar;C:\Users\i2sarm\.m2\repository\commons-pool\commons-pool\1.5.4\commons-pool-1.5.4.jar;C:\Users\i2sarm\.m2\repository\org\postgresql\postgresql\9.3-1101-jdbc41\postgresql-9.3-1101-jdbc41.jar;C:\Users\i2sarm\.m2\repository\org\apache\cxf\cxf-rt-ws-policy\3.2.0\cxf-rt-ws-policy-3.2.0.jar;C:\Users\i2sarm\.m2\repository\wsdl4j\wsdl4j\1.6.3\wsdl4j-1.6.3.jar;C:\Users\i2sarm\.m2\repository\org\apache\cxf\cxf-core\3.2.0\cxf-core-3.2.0.jar;C:\Users\i2sarm\.m2\repository\com\fasterxml\woodstox\woodstox-core\5.0.3\woodstox-core-5.0.3.jar;C:\Users\i2sarm\.m2\repository\org\codehaus\woodstox\stax2-api\3.1.4\stax2-api-3.1.4.jar;C:\Users\i2sarm\.m2\repository\org\apache\ws\xmlschema\xmlschema-core\2.2.2\xmlschema-core-2.2.2.jar;C:\Users\i2sarm\.m2\repository\org\apache\neethi\neethi\3.1.0\neethi-3.1.0.jar;C:\Users\i2sarm\.m2\repository\org\apache\cxf\cxf-rt-wsdl\3.2.0\cxf-rt-wsdl-3.2.0.jar;C:\Users\i2sarm\.m2\repository\org\ow2\asm\asm\5.2\asm-5.2.jar;C:\Users\i2sarm\.m2\repository\org\springframework\spring-web\4.3.9.RELEASE\spring-web-4.3.9.RELEASE.jar;C:\Users\i2sarm\.m2\repository\org\springframework\spring-webmvc\4.3.9.RELEASE\spring-webmvc-4.3.9.RELEASE.jar;C:\Users\i2sarm\.m2\repository\org\apache\cxf\cxf-rt-frontend-jaxrs\3.2.0\cxf-rt-frontend-jaxrs-3.2.0.jar;C:\Users\i2sarm\.m2\repository\javax\annotation\javax.annotation-api\1.3\javax.annotation-api-1.3.jar;C:\Users\i2sarm\.m2\repository\org\apache\cxf\cxf-rt-transports-http\3.2.0\cxf-rt-transports-http-3.2.0.jar;C:\Users\i2sarm\.m2\repository\commons-httpclient\commons-httpclient\3.1\commons-httpclient-3.1.jar;C:\Users\i2sarm\.m2\repository\commons-logging\commons-logging\1.0.4\commons-logging-1.0.4.jar;C:\Users\i2sarm\.m2\repository\commons-codec\commons-codec\1.2\commons-codec-1.2.jar;C:\Users\i2sarm\.m2\repository\javax\ws\rs\javax.ws.rs-api\2.0.1\javax.ws.rs-api-2.0.1.jar;C:\Users\i2sarm\.m2\repository\org\codehaus\jackson\jackson-jaxrs\1.1.1\jackson-jaxrs-1.1.1.jar;C:\Users\i2sarm\.m2\repository\org\codehaus\jackson\jackson-core-asl\1.1.1\jackson-core-asl-1.1.1.jar;C:\Users\i2sarm\.m2\repository\org\codehaus\jackson\jackson-mapper-asl\1.1.1\jackson-mapper-asl-1.1.1.jar;"/>
    <property name="java.vm.vendor" value="Oracle Corporation"/>
    <property name="sun.arch.data.model" value="64"/>
    <property name="user.variant" value=""/>
    <property name="java.vendor.url" value="http://java.oracle.com/"/>
    <property name="user.timezone" value="Europe/London"/>
    <property name="user.country.format" value="PT"/>
    <property name="java.vm.specification.version" value="1.8"/>
    <property name="os.name" value="Windows 10"/>
    <property name="user.country" value="US"/>
    <property name="sun.java.launcher" value="SUN_STANDARD"/>
    <property name="sun.boot.library.path" value="C:\Program Files\Java\jdk1.8.0_211\jre\bin"/>
    <property name="sun.java.command" value="C:\Users\i2sarm\AppData\Local\Temp\surefire2202495775393256184\surefirebooter3100405718425567692.jar C:\Users\i2sarm\AppData\Local\Temp\surefire2202495775393256184 2019-06-16T23-02-28_219-jvmRun1 surefire1613159979688087847tmp surefire_07432564760585307346tmp"/>
    <property name="surefire.test.class.path" value="C:\Data\i2S-devenv\workspace\client\client-rest\target\test-classes;C:\Data\i2S-devenv\workspace\client\client-rest\target\classes;C:\Users\i2sarm\.m2\repository\junit\junit\4.11\junit-4.11.jar;C:\Users\i2sarm\.m2\repository\org\hamcrest\hamcrest-core\1.3\hamcrest-core-1.3.jar;C:\Users\i2sarm\.m2\repository\org\springframework\spring-context\4.3.9.RELEASE\spring-context-4.3.9.RELEASE.jar;C:\Users\i2sarm\.m2\repository\org\springframework\spring-aop\4.3.9.RELEASE\spring-aop-4.3.9.RELEASE.jar;C:\Users\i2sarm\.m2\repository\org\springframework\spring-beans\4.3.9.RELEASE\spring-beans-4.3.9.RELEASE.jar;C:\Users\i2sarm\.m2\repository\org\springframework\spring-core\4.3.9.RELEASE\spring-core-4.3.9.RELEASE.jar;C:\Users\i2sarm\.m2\repository\org\springframework\spring-expression\4.3.9.RELEASE\spring-expression-4.3.9.RELEASE.jar;C:\Users\i2sarm\.m2\repository\org\springframework\spring-tx\4.3.9.RELEASE\spring-tx-4.3.9.RELEASE.jar;C:\Users\i2sarm\.m2\repository\org\springframework\spring-orm\4.3.9.RELEASE\spring-orm-4.3.9.RELEASE.jar;C:\Users\i2sarm\.m2\repository\org\springframework\spring-jdbc\4.3.9.RELEASE\spring-jdbc-4.3.9.RELEASE.jar;C:\Users\i2sarm\.m2\repository\org\slf4j\slf4j-api\1.7.26\slf4j-api-1.7.26.jar;C:\Users\i2sarm\.m2\repository\ch\qos\logback\logback-classic\1.2.3\logback-classic-1.2.3.jar;C:\Users\i2sarm\.m2\repository\ch\qos\logback\logback-core\1.2.3\logback-core-1.2.3.jar;C:\Users\i2sarm\.m2\repository\org\hibernate\hibernate-entitymanager\5.0.1.Final\hibernate-entitymanager-5.0.1.Final.jar;C:\Users\i2sarm\.m2\repository\org\jboss\logging\jboss-logging\3.3.0.Final\jboss-logging-3.3.0.Final.jar;C:\Users\i2sarm\.m2\repository\dom4j\dom4j\1.6.1\dom4j-1.6.1.jar;C:\Users\i2sarm\.m2\repository\xml-apis\xml-apis\1.0.b2\xml-apis-1.0.b2.jar;C:\Users\i2sarm\.m2\repository\org\hibernate\common\hibernate-commons-annotations\5.0.0.Final\hibernate-commons-annotations-5.0.0.Final.jar;C:\Users\i2sarm\.m2\repository\org\hibernate\javax\persistence\hibernate-jpa-2.1-api\1.0.0.Final\hibernate-jpa-2.1-api-1.0.0.Final.jar;C:\Users\i2sarm\.m2\repository\org\apache\geronimo\specs\geronimo-jta_1.1_spec\1.1.1\geronimo-jta_1.1_spec-1.1.1.jar;C:\Users\i2sarm\.m2\repository\org\javassist\javassist\3.18.1-GA\javassist-3.18.1-GA.jar;C:\Users\i2sarm\.m2\repository\org\hibernate\hibernate-core\5.0.1.Final\hibernate-core-5.0.1.Final.jar;C:\Users\i2sarm\.m2\repository\antlr\antlr\2.7.7\antlr-2.7.7.jar;C:\Users\i2sarm\.m2\repository\org\jboss\jandex\1.2.2.Final\jandex-1.2.2.Final.jar;C:\Users\i2sarm\.m2\repository\commons-dbcp\commons-dbcp\1.4\commons-dbcp-1.4.jar;C:\Users\i2sarm\.m2\repository\commons-pool\commons-pool\1.5.4\commons-pool-1.5.4.jar;C:\Users\i2sarm\.m2\repository\org\postgresql\postgresql\9.3-1101-jdbc41\postgresql-9.3-1101-jdbc41.jar;C:\Users\i2sarm\.m2\repository\org\apache\cxf\cxf-rt-ws-policy\3.2.0\cxf-rt-ws-policy-3.2.0.jar;C:\Users\i2sarm\.m2\repository\wsdl4j\wsdl4j\1.6.3\wsdl4j-1.6.3.jar;C:\Users\i2sarm\.m2\repository\org\apache\cxf\cxf-core\3.2.0\cxf-core-3.2.0.jar;C:\Users\i2sarm\.m2\repository\com\fasterxml\woodstox\woodstox-core\5.0.3\woodstox-core-5.0.3.jar;C:\Users\i2sarm\.m2\repository\org\codehaus\woodstox\stax2-api\3.1.4\stax2-api-3.1.4.jar;C:\Users\i2sarm\.m2\repository\org\apache\ws\xmlschema\xmlschema-core\2.2.2\xmlschema-core-2.2.2.jar;C:\Users\i2sarm\.m2\repository\org\apache\neethi\neethi\3.1.0\neethi-3.1.0.jar;C:\Users\i2sarm\.m2\repository\org\apache\cxf\cxf-rt-wsdl\3.2.0\cxf-rt-wsdl-3.2.0.jar;C:\Users\i2sarm\.m2\repository\org\ow2\asm\asm\5.2\asm-5.2.jar;C:\Users\i2sarm\.m2\repository\org\springframework\spring-web\4.3.9.RELEASE\spring-web-4.3.9.RELEASE.jar;C:\Users\i2sarm\.m2\repository\org\springframework\spring-webmvc\4.3.9.RELEASE\spring-webmvc-4.3.9.RELEASE.jar;C:\Users\i2sarm\.m2\repository\org\apache\cxf\cxf-rt-frontend-jaxrs\3.2.0\cxf-rt-frontend-jaxrs-3.2.0.jar;C:\Users\i2sarm\.m2\repository\javax\annotation\javax.annotation-api\1.3\javax.annotation-api-1.3.jar;C:\Users\i2sarm\.m2\repository\org\apache\cxf\cxf-rt-transports-http\3.2.0\cxf-rt-transports-http-3.2.0.jar;C:\Users\i2sarm\.m2\repository\commons-httpclient\commons-httpclient\3.1\commons-httpclient-3.1.jar;C:\Users\i2sarm\.m2\repository\commons-logging\commons-logging\1.0.4\commons-logging-1.0.4.jar;C:\Users\i2sarm\.m2\repository\commons-codec\commons-codec\1.2\commons-codec-1.2.jar;C:\Users\i2sarm\.m2\repository\javax\ws\rs\javax.ws.rs-api\2.0.1\javax.ws.rs-api-2.0.1.jar;C:\Users\i2sarm\.m2\repository\org\codehaus\jackson\jackson-jaxrs\1.1.1\jackson-jaxrs-1.1.1.jar;C:\Users\i2sarm\.m2\repository\org\codehaus\jackson\jackson-core-asl\1.1.1\jackson-core-asl-1.1.1.jar;C:\Users\i2sarm\.m2\repository\org\codehaus\jackson\jackson-mapper-asl\1.1.1\jackson-mapper-asl-1.1.1.jar;"/>
    <property name="sun.cpu.endian" value="little"/>
    <property name="user.home" value="C:\Users\i2sarm"/>
    <property name="user.language" value="en"/>
    <property name="java.specification.vendor" value="Oracle Corporation"/>
    <property name="java.home" value="C:\Program Files\Java\jdk1.8.0_211\jre"/>
    <property name="basedir" value="C:\Data\i2S-devenv\workspace\client\client-rest"/>
    <property name="file.separator" value="\"/>
    <property name="line.separator" value="&#10;"/>
    <property name="java.vm.specification.vendor" value="Oracle Corporation"/>
    <property name="java.specification.name" value="Java Platform API Specification"/>
    <property name="java.awt.graphicsenv" value="sun.awt.Win32GraphicsEnvironment"/>
    <property name="surefire.real.class.path" value="C:\Users\i2sarm\AppData\Local\Temp\surefire2202495775393256184\surefirebooter3100405718425567692.jar"/>
    <property name="sun.boot.class.path" value="C:\Program Files\Java\jdk1.8.0_211\jre\lib\resources.jar;C:\Program Files\Java\jdk1.8.0_211\jre\lib\rt.jar;C:\Program Files\Java\jdk1.8.0_211\jre\lib\sunrsasign.jar;C:\Program Files\Java\jdk1.8.0_211\jre\lib\jsse.jar;C:\Program Files\Java\jdk1.8.0_211\jre\lib\jce.jar;C:\Program Files\Java\jdk1.8.0_211\jre\lib\charsets.jar;C:\Program Files\Java\jdk1.8.0_211\jre\lib\jfr.jar;C:\Program Files\Java\jdk1.8.0_211\jre\classes"/>
    <property name="user.script" value=""/>
    <property name="sun.management.compiler" value="HotSpot 64-Bit Tiered Compilers"/>
    <property name="java.runtime.version" value="1.8.0_211-b12"/>
    <property name="user.name" value="i2sarm"/>
    <property name="path.separator" value=";"/>
    <property name="os.version" value="10.0"/>
    <property name="java.endorsed.dirs" value="C:\Program Files\Java\jdk1.8.0_211\jre\lib\endorsed"/>
    <property name="java.runtime.name" value="Java(TM) SE Runtime Environment"/>
    <property name="file.encoding" value="Cp1252"/>
    <property name="java.vm.name" value="Java HotSpot(TM) 64-Bit Server VM"/>
    <property name="localRepository" value="C:\Users\i2sarm\.m2\repository"/>
    <property name="java.vendor.url.bug" value="http://bugreport.sun.com/bugreport/"/>
    <property name="java.io.tmpdir" value="C:\Users\i2sarm\AppData\Local\Temp\"/>
    <property name="java.version" value="1.8.0_211"/>
    <property name="user.dir" value="C:\Data\i2S-devenv\workspace\client\client-rest"/>
    <property name="os.arch" value="amd64"/>
    <property name="java.vm.specification.name" value="Java Virtual Machine Specification"/>
    <property name="java.awt.printerjob" value="sun.awt.windows.WPrinterJob"/>
    <property name="user.language.format" value="pt"/>
    <property name="sun.os.patch.level" value=""/>
    <property name="java.library.path" value="C:\Program Files\Java\jdk1.8.0_211\jre\bin;C:\windows\Sun\Java\bin;C:\windows\system32;C:\windows;C:\Program Files (x86)\Common Files\Oracle\Java\javapath;C:\windows\system32;C:\windows;C:\windows\System32\Wbem;C:\windows\System32\WindowsPowerShell\v1.0\;C:\Program Files (x86)\IBM\Client Access\Emulator;C:\Program Files (x86)\IBM\Client Access\Shared;C:\Program Files (x86)\IBM\Client Access\;C:\Program Files\Intel\WiFi\bin\;C:\Program Files\Common Files\Intel\WirelessCommon\;C:\Program Files\Git\cmd;C:\Program Files (x86)\GitExtensions\;C:\Program Files\nodejs\;C:\Program Files (x86)\apache-maven-3.6.1\bin;C:\Program Files\Java\jdk1.8.0_211\bin;C:\Users\i2sarm\AppData\Local\Microsoft\WindowsApps;C:\Users\i2sarm\AppData\Roaming\npm;C:\Users\i2sarm\AppData\Local\Programs\Microsoft VS Code\bin;."/>
    <property name="java.vm.info" value="mixed mode"/>
    <property name="java.vendor" value="Oracle Corporation"/>
    <property name="java.vm.version" value="25.211-b12"/>
    <property name="java.ext.dirs" value="C:\Program Files\Java\jdk1.8.0_211\jre\lib\ext;C:\windows\Sun\Java\lib\ext"/>
    <property name="sun.io.unicode.encoding" value="UnicodeLittle"/>
    <property name="java.class.version" value="52.0"/>
  </properties>
  <testcase name="shouldAnswerWithTrue" classname="pt.multicert.client.rest.AppTest" time="0.003"/>
</testsuite>